<?xml version="1.0" encoding="UTF-8"?>
<!-- Generated by org.testng.reporters.JUnitXMLReporter -->
<testsuite ignored="4" hostname="BDC8-L-3V1GKW2" failures="0" tests="2" name="TestRunner2" time="67.99" errors="0" timestamp="2023-02-27T16:41:32 IST">
  <testcase classname="Campaign.CampaignTest" name="campaign" time="23.913"/>
  <testcase classname="Product.Product1Test" name="product1Test" time="14.103"/>
  <testcase classname="GenericUtility.BaseClass2" name="@BeforeSuite BS" time="0.0">
    <ignored/>
  </testcase> <!-- @BeforeSuite BS -->
  <testcase classname="GenericUtility.BaseClass2" name="@BeforeTest BT" time="0.0">
    <ignored/>
  </testcase> <!-- @BeforeTest BT -->
  <testcase classname="GenericUtility.BaseClass2" name="@AfterSuite AS" time="0.0">
    <ignored/>
  </testcase> <!-- @AfterSuite AS -->
  <testcase classname="GenericUtility.BaseClass2" name="@AfterTest AT" time="0.0">
    <ignored/>
  </testcase> <!-- @AfterTest AT -->
</testsuite> <!-- TestRunner2 -->
